Arguments: 
  C:\Program Files\nodejs\node.exe C:\Users\daigt\AppData\Roaming\npm\node_modules\yarn\bin\yarn.js install

PATH: 
  C:\Program Files\nodejs\node_modules\npm\node_modules\npm-lifecycle\node-gyp-bin;E:\dev-workspace\idea\baowang\spbaoSaber\ckeditor5\node_modules\.bin;E:\app\daigt\product\12.2.0\client_2;E:\app\daigt\product\12.2.0\client_1;E:\app\daigt\product\11.2.0\dbhome_1\bin;E:\BaiduNetdiskDownload\WINDOWS.X64_193000_db_home\bin;E:\app\daigt\product\11.2.0\client_1\bin;C:\Program Files (x86)\Common Files\Oracle\Java\javapath;C:\WINDOWS\system32;C:\WINDOWS;C:\WINDOWS\System32\Wbem;C:\WINDOWS\System32\WindowsPowerShell\v1.0\;C:\WINDOWS\System32\OpenSSH\;C:\Program Files\Git\cmd;C:\Program Files\nodejs\;C:\Program Files\Redis\;D:\data\flutter\flutter\bin;%ANDROID_HOME%\;%MAVEN_HOME%\bin;C:\Program Files\ArcGIS\ArcSDE\ora11gexe\bin\;C:\Users\daigt\.windows-build-tools\python27\;C:\Users\daigt\.windows-build-tools\python27\;C:\Users\daigt\.windows-build-tools\python27\;C:\Users\daigt\.windows-build-tools\python27\;C:\Users\daigt\.windows-build-tools\python27\;C:\Users\daigt\AppData\Local\Microsoft\WindowsApps;D:\Program Files\JetBrains\IntelliJ IDEA 2020.2.2\bin;D:\Program Files\bandizip\;D:\data\gradle-4.3-rc-2\bin;D:\data\grails-3.3.1\bin;C:\Python27;C:\Users\daigt\AppData\Roaming\npm;C:\Program Files\Java\jdk1.8.0_181\bin;D:\Program Files\JetBrains\IntelliJ IDEA 2020.3\bin;;D:\apache-maven-3.6.3\\bin;C:\Program Files\Bandizip\

Yarn version: 
  1.22.10

Node version: 
  12.18.4

Platform: 
  win32 x64

Trace: 
  Error: read ECONNRESET
      at TLSWrap.onStreamRead (internal/stream_base_commons.js:205:27)

npm manifest: 
  {
    "name": "ckeditor5",
    "version": "25.0.0",
    "description": "The development environment of CKEditor 5 – the best browser-based rich text editor.",
    "private": true,
    "keywords": [
      "ckeditor",
      "ckeditor5",
      "ckeditor 5",
      "wysiwyg",
      "rich text",
      "editor",
      "html",
      "contentEditable",
      "editing",
      "operational transformation",
      "ot",
      "collaboration",
      "collaborative",
      "real-time",
      "framework"
    ],
    "dependencies": {
      "@ckeditor/ckeditor-cloud-services-core": "^25.0.0",
      "@ckeditor/ckeditor5-adapter-ckfinder": "^25.0.0",
      "@ckeditor/ckeditor5-alignment": "^25.0.0",
      "@ckeditor/ckeditor5-autoformat": "^25.0.0",
      "@ckeditor/ckeditor5-autosave": "^25.0.0",
      "@ckeditor/ckeditor5-basic-styles": "^25.0.0",
      "@ckeditor/ckeditor5-block-quote": "^25.0.0",
      "@ckeditor/ckeditor5-build-balloon": "^25.0.0",
      "@ckeditor/ckeditor5-build-balloon-block": "^25.0.0",
      "@ckeditor/ckeditor5-build-classic": "^25.0.0",
      "@ckeditor/ckeditor5-build-decoupled-document": "^25.0.0",
      "@ckeditor/ckeditor5-build-inline": "^25.0.0",
      "@ckeditor/ckeditor5-ckfinder": "^25.0.0",
      "@ckeditor/ckeditor5-clipboard": "^25.0.0",
      "@ckeditor/ckeditor5-cloud-services": "^25.0.0",
      "@ckeditor/ckeditor5-code-block": "^25.0.0",
      "@ckeditor/ckeditor5-core": "^25.0.0",
      "@ckeditor/ckeditor5-easy-image": "^25.0.0",
      "@ckeditor/ckeditor5-editor-balloon": "^25.0.0",
      "@ckeditor/ckeditor5-editor-classic": "^25.0.0",
      "@ckeditor/ckeditor5-editor-decoupled": "^25.0.0",
      "@ckeditor/ckeditor5-editor-inline": "^25.0.0",
      "@ckeditor/ckeditor5-engine": "^25.0.0",
      "@ckeditor/ckeditor5-enter": "^25.0.0",
      "@ckeditor/ckeditor5-essentials": "^25.0.0",
      "@ckeditor/ckeditor5-font": "^25.0.0",
      "@ckeditor/ckeditor5-heading": "^25.0.0",
      "@ckeditor/ckeditor5-highlight": "^25.0.0",
      "@ckeditor/ckeditor5-horizontal-line": "^25.0.0",
      "@ckeditor/ckeditor5-html-embed": "^25.0.0",
      "@ckeditor/ckeditor5-image": "^25.0.0",
      "@ckeditor/ckeditor5-indent": "^25.0.0",
      "@ckeditor/ckeditor5-link": "^25.0.0",
      "@ckeditor/ckeditor5-list": "^25.0.0",
      "@ckeditor/ckeditor5-markdown-gfm": "^25.0.0",
      "@ckeditor/ckeditor5-media-embed": "^25.0.0",
      "@ckeditor/ckeditor5-mention": "^25.0.0",
      "@ckeditor/ckeditor5-page-break": "^25.0.0",
      "@ckeditor/ckeditor5-paragraph": "^25.0.0",
      "@ckeditor/ckeditor5-paste-from-office": "^25.0.0",
      "@ckeditor/ckeditor5-remove-format": "^25.0.0",
      "@ckeditor/ckeditor5-restricted-editing": "^25.0.0",
      "@ckeditor/ckeditor5-select-all": "^25.0.0",
      "@ckeditor/ckeditor5-special-characters": "^25.0.0",
      "@ckeditor/ckeditor5-table": "^25.0.0",
      "@ckeditor/ckeditor5-theme-lark": "^25.0.0",
      "@ckeditor/ckeditor5-typing": "^25.0.0",
      "@ckeditor/ckeditor5-ui": "^25.0.0",
      "@ckeditor/ckeditor5-undo": "^25.0.0",
      "@ckeditor/ckeditor5-upload": "^25.0.0",
      "@ckeditor/ckeditor5-utils": "^25.0.0",
      "@ckeditor/ckeditor5-watchdog": "^25.0.0",
      "@ckeditor/ckeditor5-widget": "^25.0.0",
      "@ckeditor/ckeditor5-word-count": "^25.0.0"
    },
    "devDependencies": {
      "@ckeditor/ckeditor5-comments": ">=24.0.0",
      "@ckeditor/ckeditor5-dev-docs": "^24.0.0",
      "@ckeditor/ckeditor5-dev-env": "^24.0.0",
      "@ckeditor/ckeditor5-dev-tests": "^24.0.0",
      "@ckeditor/ckeditor5-dev-utils": "^24.0.0",
      "@ckeditor/ckeditor5-dev-webpack-plugin": "^24.0.0",
      "@ckeditor/ckeditor5-export-pdf": ">=1.0.0",
      "@ckeditor/ckeditor5-export-word": ">=1.0.0",
      "@ckeditor/ckeditor5-inspector": "^2.2.2",
      "@ckeditor/ckeditor5-pagination": ">=1.0.0",
      "@ckeditor/ckeditor5-react": "^3.0.0",
      "@ckeditor/ckeditor5-real-time-collaboration": ">=24.0.0",
      "@ckeditor/ckeditor5-track-changes": ">=24.0.0",
      "@webspellchecker/wproofreader-ckeditor5": "^2.0.1",
      "@wiris/mathtype-ckeditor5": "^7.24.0",
      "babel-standalone": "^6.26.0",
      "cli-table": "^0.3.1",
      "coveralls": "^3.1.0",
      "css-loader": "^3.5.3",
      "eslint": "^7.1.0",
      "eslint-config-ckeditor5": "^3.0.0",
      "glob": "^7.1.6",
      "http-server": "^0.12.3",
      "husky": "^4.2.5",
      "lint-staged": "^10.2.6",
      "mini-css-extract-plugin": "^0.9.0",
      "minimatch": "^3.0.4",
      "mkdirp": "^1.0.4",
      "nyc": "^15.0.1",
      "popper": "^1.0.1",
      "postcss-loader": "^3.0.0",
      "progress-bar-webpack-plugin": "^2.1.0",
      "raw-loader": "^4.0.1",
      "react": "^16.13.1",
      "react-dom": "^16.13.1",
      "style-loader": "^1.2.1",
      "stylelint": "^13.5.0",
      "stylelint-config-ckeditor5": "^2.0.0",
      "svgo": "^1.3.2",
      "terser-webpack-plugin": "^3.0.2",
      "tippy.js": "^6.2.7",
      "umberto": "^1.6.2",
      "upath": "^2.0.0",
      "webpack": "^4.43.0"
    },
    "engines": {
      "node": ">=12.0.0",
      "npm": ">=5.7.1"
    },
    "author": "CKSource (http://cksource.com/)",
    "license": "GPL-2.0-or-later",
    "homepage": "https://ckeditor.com/ckeditor-5",
    "bugs": "https://github.com/ckeditor/ckeditor5/issues",
    "repository": {
      "type": "git",
      "url": "https://github.com/ckeditor/ckeditor5.git"
    },
    "scripts": {
      "lint": "eslint --quiet '**/*.js'",
      "stylelint": "stylelint --quiet --allow-empty-input 'packages/**/*.css' 'docs/**/*.css'",
      "test": "node --max_old_space_size=8192 node_modules/@ckeditor/ckeditor5-dev-tests/bin/test.js",
      "manual": "node --max_old_space_size=8192 node_modules/@ckeditor/ckeditor5-dev-tests/bin/test-manual.js",
      "bootstrap": "yarn install",
      "clean": "node ./scripts/remove-lock-files.js && rm -rf ./node_modules && rm -rf ./external/*/node_modules",
      "reset": "rm -rf ./node_modules && yarn run bootstrap",
      "reinstall": "yarn run clean && yarn run bootstrap",
      "docs": "node --max-old-space-size=4096 ./scripts/docs/build-docs.js",
      "docs:api": "node ./scripts/docs/build-api-docs.js",
      "docs:build-and-publish": "node ./scripts/docs/build-and-publish.js",
      "docs:build-and-publish-nightly": "node ./scripts/docs/build-and-publish-nightly.js",
      "docs:content-styles": "node ./scripts/docs/build-content-styles.js",
      "docs:serve": "http-server ./build/docs/",
      "translations:collect": "ckeditor5-dev-env-translations collect",
      "translations:download": "ckeditor5-dev-env-translations download",
      "translations:upload": "ckeditor5-dev-env-translations upload",
      "changelog": "node ./scripts/release/changelog.js",
      "postchangelog": "node ./scripts/release/update-utils-version.js",
      "release:bump-version": "node ./scripts/release/bump-versions.js",
      "release:publish": "node ./scripts/release/publish.js",
      "switch-to-dev-dev": "sh ./scripts/switch-to-dev-dev.sh",
      "clean-up-svg-icons": "sh ./scripts/clean-up-svg-icons.sh",
      "check-dependencies": "ckeditor5-dev-tests-check-dependencies"
    },
    "lint-staged": {
      "**/*.js": [
        "eslint --quiet"
      ],
      "**/*.css": [
        "stylelint --quiet --allow-empty-input"
      ],
      "**/(*.{js,css}|package.json)": [
        "ckeditor5-dev-tests-check-dependencies --quiet"
      ]
    },
    "eslintIgnore": [
      "build/**",
      "packages/*/node_modules/**",
      "packages/*/build/**",
      "packages/*/src/lib/**",
      "coverage/**",
      "external/**"
    ],
    "workspaces": {
      "packages": [
        "packages/*",
        "external/*",
        "external/*/packages/*",
        "external/*/external/*",
        "external/*/external/*/packages/*",
        "external/*/external/*/packages/**/ckeditor5",
        "external/*/external/*/packages/**/frontend",
        "."
      ],
      "nohoist": [
        "**/husky"
      ]
    },
    "husky": {
      "hooks": {
        "pre-commit": "lint-staged"
      }
    }
  }

yarn manifest: 
  No manifest

Lockfile: 
  No lockfile
